\BOOKMARK [1][-]{section.1}{Hardware}{}% 1
\BOOKMARK [2][-]{subsection.1.1}{CY8CKIT-042 PSoC® 4 Pioneer Kit}{section.1}% 2
\BOOKMARK [2][-]{subsection.1.2}{Kuman moisture sensor}{section.1}% 3
\BOOKMARK [2][-]{subsection.1.3}{Arduino light sensor LM393}{section.1}% 4
\BOOKMARK [2][-]{subsection.1.4}{LE Trafo 12V DC}{section.1}% 5
\BOOKMARK [2][-]{subsection.1.5}{SainSmart 4 channel relay module}{section.1}% 6
\BOOKMARK [2][-]{subsection.1.6}{TSSS brushless mini water pump}{section.1}% 7
\BOOKMARK [2][-]{subsection.1.7}{Neuftech LED strips blue and red}{section.1}% 8
\BOOKMARK [2][-]{subsection.1.8}{Plant}{section.1}% 9
\BOOKMARK [2][-]{subsection.1.9}{Schematic}{section.1}% 10
\BOOKMARK [1][-]{section.2}{Software}{}% 11
\BOOKMARK [2][-]{subsection.2.1}{Top design}{section.2}% 12
\BOOKMARK [3][-]{subsubsection.2.1.1}{Real-time clock}{subsection.2.1}% 13
\BOOKMARK [3][-]{subsubsection.2.1.2}{UART}{subsection.2.1}% 14
\BOOKMARK [3][-]{subsubsection.2.1.3}{Digital input pins}{subsection.2.1}% 15
\BOOKMARK [3][-]{subsubsection.2.1.4}{Digital output pins}{subsection.2.1}% 16
\BOOKMARK [2][-]{subsection.2.2}{Pin connections}{section.2}% 17
\BOOKMARK [2][-]{subsection.2.3}{C Code}{section.2}% 18
\BOOKMARK [1][-]{section.3}{Learnings from the lecture}{}% 19
\BOOKMARK [2][-]{subsection.3.1}{The System}{section.3}% 20
\BOOKMARK [2][-]{subsection.3.2}{Operator Cluster}{section.3}% 21
\BOOKMARK [2][-]{subsection.3.3}{Computational Cluster}{section.3}% 22
\BOOKMARK [2][-]{subsection.3.4}{Controlled Cluster}{section.3}% 23
\BOOKMARK [2][-]{subsection.3.5}{The Logic}{section.3}% 24
\BOOKMARK [2][-]{subsection.3.6}{Real time}{section.3}% 25
